0 info it worked if it ends with ok
1 verbose cli [ 'C:\\nodejs\\node.exe',
1 verbose cli   'C:\\nodejs\\node_modules\\npm\\bin\\npm-cli.js',
1 verbose cli   'start' ]
2 info using npm@3.3.12
3 info using node@v5.4.1
4 verbose run-script [ 'prestart', 'start', 'poststart' ]
5 info lifecycle fiveExpress@0.0.0~prestart: fiveExpress@0.0.0
6 silly lifecycle fiveExpress@0.0.0~prestart: no script for prestart, continuing
7 info lifecycle fiveExpress@0.0.0~start: fiveExpress@0.0.0
8 verbose lifecycle fiveExpress@0.0.0~start: unsafe-perm in lifecycle true
9 verbose lifecycle fiveExpress@0.0.0~start: PATH: C:\nodejs\node_modules\npm\bin\node-gyp-bin;D:\project_room\nodeWorkspace\expressTest\sixExpress\node_modules\.bin;C:\ProgramData\Oracle\Java\javapath;C:\oracle\product\10.2.0\db_1\bin;C:\Java\jdk1.8.0_77\bin;C:\Program Files (x86)\PC Connectivity Solution\;D:\maven\bin;C:\Program Files (x86)\SenchaSDKTools-1.1\appbuilder;C:\Program Files (x86)\SenchaSDKTools-1.1\jsbuilder;C:\Program Files (x86)\SenchaSDKTools-1.1\command;C:\Program Files (x86)\SenchaSDKTools-1.1;C:\Windows\system32;C:\Windows;C:\Windows\System32\Wbem;C:\Windows\System32\WindowsPowerShell\v1.0\;C:\Program Files (x86)\ATI Technologies\ATI.ACE\Core-Static;C:\Program Files\Intel\WiFi\bin\;C:\Program Files\Common Files\Intel\WirelessCommon\;C:\Program Files (x86)\Common Files\Thunder Network\KanKan\Codecs;C:\Program Files (x86)\CodeSmith\v5.1\;C:\Program Files (x86)\TortoiseSVN\bin;C:\Program Files\WIDCOMM\Bluetooth Software\;C:\Program Files\WIDCOMM\Bluetooth Software\syswow64;D:\ant/bin;D:\ant/lib;D:\OpenVPN\bin;C:\nodejs;C:\nodejs\user_module;D:\Python27;D:\Python27\Scripts;C:\Program Files\Microsoft SQL Server\110\Tools\Binn\;C:\Program Files (x86)\Microsoft SDKs\TypeScript\1.0\;C:\Program Files\Microsoft SQL Server\120\Tools\Binn\;C:\Program Files (x86)\Microsoft Visual Studio 12.0\VC\vcpackages;D:\Boot2Docke;C:\Program Files (x86)\Git\bin;C:\scala\bin;D:\sbt\bin;D:\Cygwin\bin;D:\Cygwin\usr\sbin;D:\HADOOP_HOME\bin;D:\spark-1.6.1-bin-hadoop2.6\bin;
10 verbose lifecycle fiveExpress@0.0.0~start: CWD: D:\project_room\nodeWorkspace\expressTest\sixExpress
11 silly lifecycle fiveExpress@0.0.0~start: Args: [ '/d /s /c', 'node ./bin/www' ]
12 silly lifecycle fiveExpress@0.0.0~start: Returned: code: 1  signal: null
13 info lifecycle fiveExpress@0.0.0~start: Failed to exec start script
14 verbose stack Error: fiveExpress@0.0.0 start: `node ./bin/www`
14 verbose stack Exit status 1
14 verbose stack     at EventEmitter.<anonymous> (C:\nodejs\node_modules\npm\lib\utils\lifecycle.js:232:16)
14 verbose stack     at emitTwo (events.js:87:13)
14 verbose stack     at EventEmitter.emit (events.js:172:7)
14 verbose stack     at ChildProcess.<anonymous> (C:\nodejs\node_modules\npm\lib\utils\spawn.js:24:14)
14 verbose stack     at emitTwo (events.js:87:13)
14 verbose stack     at ChildProcess.emit (events.js:172:7)
14 verbose stack     at maybeClose (internal/child_process.js:821:16)
14 verbose stack     at Process.ChildProcess._handle.onexit (internal/child_process.js:211:5)
15 verbose pkgid fiveExpress@0.0.0
16 verbose cwd D:\project_room\nodeWorkspace\expressTest\sixExpress
17 error Windows_NT 6.1.7601
18 error argv "C:\\nodejs\\node.exe" "C:\\nodejs\\node_modules\\npm\\bin\\npm-cli.js" "start"
19 error node v5.4.1
20 error npm  v3.3.12
21 error code ELIFECYCLE
22 error fiveExpress@0.0.0 start: `node ./bin/www`
22 error Exit status 1
23 error Failed at the fiveExpress@0.0.0 start script 'node ./bin/www'.
23 error Make sure you have the latest version of node.js and npm installed.
23 error If you do, this is most likely a problem with the fiveExpress package,
23 error not with npm itself.
23 error Tell the author that this fails on your system:
23 error     node ./bin/www
23 error You can get their info via:
23 error     npm owner ls fiveExpress
23 error There is likely additional logging output above.
24 verbose exit [ 1, true ]
